2024-05-21 11:27:22 [INFO]  - 12869
2024-05-21 11:27:22 [WARNING]  - 15916
2024-05-21 11:27:22 [DEBUG]  - 8445
2024-05-21 11:27:22 [WARNING]  - 21791
2024-05-21 11:27:22 [CRITICAL]  - 5388
2024-05-21 11:27:22 [INFO]  - 17816
2024-05-21 11:27:22 [ERROR] Segmentation fault - 2287
2024-05-21 11:27:22 [ERROR] Disk full - 20502
2024-05-21 11:27:22 [ERROR] Disk full - 20123
2024-05-21 11:27:22 [ERROR] Disk full - 19936
2024-05-21 11:27:22 [WARNING]  - 5948
2024-05-21 11:27:22 [ERROR] Invalid input - 20068
2024-05-21 11:27:22 [INFO]  - 15936
2024-05-21 11:27:22 [ERROR] Segmentation fault - 5602
2024-05-21 11:27:22 [WARNING]  - 24667
2024-05-21 11:27:22 [INFO]  - 4674
2024-05-21 11:27:22 [DEBUG]  - 13540
2024-05-21 11:27:22 [DEBUG]  - 21621
2024-05-21 11:27:22 [CRITICAL]  - 19790
2024-05-21 11:27:22 [ERROR] Disk full - 9706
2024-05-21 11:27:22 [CRITICAL]  - 5228
2024-05-21 11:27:22 [INFO]  - 18940
2024-05-21 11:27:22 [DEBUG]  - 8834
2024-05-21 11:27:22 [INFO]  - 26979
2024-05-21 11:27:22 [DEBUG]  - 21504
2024-05-21 11:27:22 [INFO]  - 13837
2024-05-21 11:27:22 [DEBUG]  - 6247
2024-05-21 11:27:22 [INFO]  - 18606
2024-05-21 11:27:22 [INFO]  - 31699
2024-05-21 11:27:22 [ERROR] Failed to connect - 1708
2024-05-21 11:27:22 [WARNING]  - 29601
2024-05-21 11:27:22 [DEBUG]  - 12359
2024-05-21 11:27:22 [ERROR] Invalid input - 26625
2024-05-21 11:27:22 [ERROR] Invalid input - 29867
2024-05-21 11:27:22 [WARNING]  - 25690
2024-05-21 11:27:22 [CRITICAL]  - 14803
2024-05-21 11:27:22 [WARNING]  - 28514
2024-05-21 11:27:22 [CRITICAL]  - 1318
2024-05-21 11:27:22 [CRITICAL]  - 7371
2024-05-21 11:27:22 [ERROR] Invalid input - 29009
2024-05-21 11:27:22 [INFO]  - 25368
2024-05-21 11:27:22 [ERROR] Disk full - 6932
2024-05-21 11:27:22 [INFO]  - 3575
2024-05-21 11:27:22 [WARNING]  - 6201
2024-05-21 11:27:22 [WARNING]  - 32242
2024-05-21 11:27:22 [DEBUG]  - 2015
2024-05-21 11:27:22 [ERROR] Out of memory - 16911
2024-05-21 11:27:22 [ERROR] Disk full - 8514
2024-05-21 11:27:22 [ERROR] Segmentation fault - 1674
2024-05-21 11:27:22 [DEBUG]  - 17381
2024-05-21 11:27:22 [ERROR] Failed to connect - 29953
2024-05-21 11:27:22 [CRITICAL]  - 23671
2024-05-21 11:27:22 [CRITICAL]  - 21935
2024-05-21 11:27:22 [INFO]  - 29117
2024-05-21 11:27:22 [DEBUG]  - 20909
2024-05-21 11:27:22 [CRITICAL]  - 3824
2024-05-21 11:27:22 [WARNING]  - 25889
2024-05-21 11:27:22 [INFO]  - 26647
2024-05-21 11:27:22 [DEBUG]  - 13838
2024-05-21 11:27:22 [INFO]  - 10309
2024-05-21 11:27:22 [WARNING]  - 13665
2024-05-21 11:27:22 [INFO]  - 14209
2024-05-21 11:27:22 [CRITICAL]  - 17594
2024-05-21 11:27:22 [WARNING]  - 29561
2024-05-21 11:27:22 [ERROR] Failed to connect - 27390
2024-05-21 11:27:22 [CRITICAL]  - 17438
2024-05-21 11:27:22 [INFO]  - 2081
2024-05-21 11:27:22 [WARNING]  - 22065
2024-05-21 11:27:22 [ERROR] Segmentation fault - 25626
2024-05-21 11:27:22 [INFO]  - 24390
2024-05-21 11:27:22 [DEBUG]  - 30188
2024-05-21 11:27:22 [CRITICAL]  - 25641
2024-05-21 11:27:22 [ERROR] Failed to connect - 8842
2024-05-21 11:27:22 [ERROR] Failed to connect - 10768
2024-05-21 11:27:22 [ERROR] Disk full - 23979
2024-05-21 11:27:22 [WARNING]  - 17031
2024-05-21 11:27:22 [CRITICAL]  - 22771
2024-05-21 11:27:22 [ERROR] Disk full - 6901
2024-05-21 11:27:22 [ERROR] Disk full - 31064
2024-05-21 11:27:22 [WARNING]  - 15040
2024-05-21 11:27:22 [DEBUG]  - 29916
2024-05-21 11:27:22 [ERROR] Out of memory - 7699
2024-05-21 11:27:22 [DEBUG]  - 28163
2024-05-21 11:27:22 [CRITICAL]  - 31136
2024-05-21 11:27:22 [DEBUG]  - 2665
2024-05-21 11:27:22 [INFO]  - 11053
2024-05-21 11:27:22 [ERROR] Segmentation fault - 1189
2024-05-21 11:27:22 [CRITICAL]  - 10046
2024-05-21 11:27:22 [WARNING]  - 16937
2024-05-21 11:27:22 [WARNING]  - 28374
2024-05-21 11:27:22 [ERROR] Failed to connect - 30790
2024-05-21 11:27:22 [CRITICAL]  - 1106
2024-05-21 11:27:22 [INFO]  - 8260
2024-05-21 11:27:22 [WARNING]  - 14393
2024-05-21 11:27:22 [INFO]  - 8053
2024-05-21 11:27:22 [ERROR] Failed to connect - 31616
2024-05-21 11:27:22 [WARNING]  - 1297
2024-05-21 11:27:22 [ERROR] Invalid input - 28579
2024-05-21 11:27:22 [INFO]  - 25401
2024-05-21 11:27:22 [WARNING]  - 24724
